Build started 09.06.2016 15:07:12.
     1>Project "C:\Users\Пользователь\documents\visual studio 2013\Projects\game2\game2\game2.vcxproj" on node 2 (Build target(s)).
     1>CustomBuild:
         Moc'ing game2.h...
       ClCompile:
         D:\Program Files (x86)\Microsoft Visual Studio 12.0\VC\bin\CL.exe /c /I.\GeneratedFiles /I. /ID:\Qt\Qt5.5.1\5.5\msvc2013\include /I.\GeneratedFiles\Release /ID:\Qt\Qt5.5.1\5.5\msvc2013\include\QtCore /ID:\Qt\Qt5.5.1\5.5\msvc2013\include\QtGui /ID:\Qt\Qt5.5.1\5.5\msvc2013\include\QtWidgets /nologo /W1 /WX- /O2 /Oy- /D UNICODE /D WIN32 /D WIN64 /D QT_DLL /D QT_NO_DEBUG /D NDEBUG /D QT_CORE_LIB /D QT_GUI_LIB /D QT_WIDGETS_LIB /Gm- /EHsc /MD /GS /fp:precise /Zc:wchar_t /Zc:forScope /Fo"Release\\" /Fd"Release\vc120.pdb" /Gd /TP /analyze- /errorReport:prompt Algorithm.cpp GeneratedFiles\Release\moc_game2.cpp Reading.cpp game2.cpp main.cpp
         Algorithm.cpp
         moc_game2.cpp
         Reading.cpp
         game2.cpp
         main.cpp
         Generating Code...
     1>c:\users\пользователь\documents\visual studio 2013\projects\game2\game2\algorithm.cpp(387): warning C4715: 'Algorithm::algoritm' : not all control paths return a value
       Link:
         D:\Program Files (x86)\Microsoft Visual Studio 12.0\VC\bin\link.exe /ERRORREPORT:PROMPT /OUT:"C:\Users\Пользователь\documents\visual studio 2013\Projects\game2\Win32\Release\\game2.exe" /NOLOGO /LIBPATH:D:\Qt\Qt5.5.1\5.5\msvc2013\lib qtmain.lib Qt5Core.lib Qt5Gui.lib Qt5Widgets.lib kernel32.lib user32.lib gdi32.lib winspool.lib comdlg32.lib advapi32.lib shell32.lib ole32.lib oleaut32.lib uuid.lib odbc32.lib odbccp32.lib /MANIFEST /MANIFESTUAC:"level='asInvoker' uiAccess='false'" /manifest:embed /PDB:"C:\Users\Пользователь\documents\visual studio 2013\Projects\game2\Win32\Release\game2.pdb" /SUBSYSTEM:WINDOWS /TLBID:1 /DYNAMICBASE /NXCOMPAT /IMPLIB:"C:\Users\Пользователь\documents\visual studio 2013\Projects\game2\Win32\Release\game2.lib" /MACHINE:X86 /SAFESEH Release\action.obj
         Release\aim.obj
         Release\Algorithm.obj
         Release\game2.obj
         Release\qrc_game2.obj
         Release\moc_game2.obj
         Release\inventory.obj
         Release\main.obj
         Release\person.obj
         Release\Reading.obj
         Release\thing.obj
         game2.vcxproj -> C:\Users\Пользователь\documents\visual studio 2013\Projects\game2\Win32\Release\game2.exe
     1>Done Building Project "C:\Users\Пользователь\documents\visual studio 2013\Projects\game2\game2\game2.vcxproj" (Build target(s)).

Build succeeded.

Time Elapsed 00:00:10.01
