Build started 09.06.2016 15:46:39.
     1>Project "C:\Users\Пользователь\documents\visual studio 2013\Projects\game2\game2\game2.vcxproj" on node 2 (Build target(s)).
     1>ClCompile:
         D:\Program Files (x86)\Microsoft Visual Studio 12.0\VC\bin\CL.exe /c /I.\GeneratedFiles /I. /ID:\Qt\Qt5.5.1\5.5\msvc2013\include /I.\GeneratedFiles\Debug /ID:\Qt\Qt5.5.1\5.5\msvc2013\include\QtCore /ID:\Qt\Qt5.5.1\5.5\msvc2013\include\QtGui /ID:\Qt\Qt5.5.1\5.5\msvc2013\include\QtWidgets /Zi /nologo /W1 /WX- /Od /Oy- /D UNICODE /D WIN32 /D WIN64 /D QT_DLL /D QT_CORE_LIB /D QT_GUI_LIB /D QT_WIDGETS_LIB /Gm- /EHsc /MDd /GS /fp:precise /Zc:wchar_t /Zc:forScope /Fo"Debug\\" /Fd"Debug\vc120.pdb" /Gd /TP /analyze- /errorReport:prompt Algorithm.cpp GeneratedFiles\Debug\moc_game2.cpp Reading.cpp action.cpp game2.cpp inventory.cpp main.cpp person.cpp
         Algorithm.cpp
         moc_game2.cpp
         Reading.cpp
         action.cpp
         game2.cpp
         inventory.cpp
         main.cpp
         person.cpp
         Generating Code...
     1>c:\users\пользователь\documents\visual studio 2013\projects\game2\game2\algorithm.cpp(386): warning C4715: 'Algorithm::algoritm' : not all control paths return a value
       Link:
         D:\Program Files (x86)\Microsoft Visual Studio 12.0\VC\bin\link.exe /ERRORREPORT:PROMPT /OUT:"C:\Users\Пользователь\documents\visual studio 2013\Projects\game2\Win32\Debug\\game2.exe" /NOLOGO /LIBPATH:D:\Qt\Qt5.5.1\5.5\msvc2013\lib qtmaind.lib Qt5Cored.lib Qt5Guid.lib Qt5Widgetsd.lib kernel32.lib user32.lib gdi32.lib winspool.lib comdlg32.lib advapi32.lib shell32.lib ole32.lib oleaut32.lib uuid.lib odbc32.lib odbccp32.lib /MANIFEST /MANIFESTUAC:"level='asInvoker' uiAccess='false'" /manifest:embed /DEBUG /PDB:"C:\Users\Пользователь\documents\visual studio 2013\Projects\game2\Win32\Debug\game2.pdb" /SUBSYSTEM:WINDOWS /TLBID:1 /DYNAMICBASE /NXCOMPAT /IMPLIB:"C:\Users\Пользователь\documents\visual studio 2013\Projects\game2\Win32\Debug\game2.lib" /MACHINE:X86 /SAFESEH Debug\action.obj
         Debug\aim.obj
         Debug\Algorithm.obj
         Debug\game2.obj
         Debug\moc_game2.obj
         Debug\qrc_game2.obj
         Debug\inventory.obj
         Debug\main.obj
         Debug\person.obj
         Debug\Reading.obj
         Debug\thing.obj
         game2.vcxproj -> C:\Users\Пользователь\documents\visual studio 2013\Projects\game2\Win32\Debug\game2.exe
     1>Done Building Project "C:\Users\Пользователь\documents\visual studio 2013\Projects\game2\game2\game2.vcxproj" (Build target(s)).

Build succeeded.

Time Elapsed 00:00:09.98
